c:\users\amana\onedrive\documents\visual studio 2015\projects\assignment2\assignment2\debug\assignment2.pch.codeanalysis
c:\users\amana\onedrive\documents\visual studio 2015\projects\assignment2\assignment2\debug\vc140.pdb
c:\users\amana\onedrive\documents\visual studio 2015\projects\assignment2\assignment2\debug\vc140.idb
c:\users\amana\onedrive\documents\visual studio 2015\projects\assignment2\assignment2\debug\assignment2.pch.codeanalysisast
c:\users\amana\onedrive\documents\visual studio 2015\projects\assignment2\assignment2\debug\stdafx.nativecodeanalysis.xml
c:\users\amana\onedrive\documents\visual studio 2015\projects\assignment2\assignment2\debug\stdafx.obj
c:\users\amana\onedrive\documents\visual studio 2015\projects\assignment2\assignment2\debug\assignment2.pch
c:\users\amana\onedrive\documents\visual studio 2015\projects\assignment2\assignment2\debug\assignment2.nativecodeanalysis.xml
c:\users\amana\onedrive\documents\visual studio 2015\projects\assignment2\assignment2\debug\bintree.nativecodeanalysis.xml
c:\users\amana\onedrive\documents\visual studio 2015\projects\assignment2\assignment2\debug\nodedata.nativecodeanalysis.xml
c:\users\amana\onedrive\documents\visual studio 2015\projects\assignment2\assignment2\debug\nodedata.obj
c:\users\amana\onedrive\documents\visual studio 2015\projects\assignment2\assignment2\debug\assignment2.obj
c:\users\amana\onedrive\documents\visual studio 2015\projects\assignment2\assignment2\debug\bintree.obj
c:\users\amana\onedrive\documents\visual studio 2015\projects\assignment2\assignment2\debug\nativecodeanalysis.read.1.tlog
c:\users\amana\onedrive\documents\visual studio 2015\projects\assignment2\assignment2\debug\vc.nativecodeanalysis.all.xml
c:\users\amana\onedrive\documents\visual studio 2015\projects\assignment2\debug\assignment2.pdb
c:\users\amana\onedrive\documents\visual studio 2015\projects\assignment2\debug\assignment2.exe
c:\users\amana\onedrive\documents\visual studio 2015\projects\assignment2\debug\assignment2.ilk
c:\users\amana\onedrive\documents\visual studio 2015\projects\assignment2\debug\assignment2.exe.lastcodeanalysissucceeded
c:\users\amana\onedrive\documents\visual studio 2015\projects\assignment2\assignment2\debug\assignment2.tlog\cl.command.1.tlog
c:\users\amana\onedrive\documents\visual studio 2015\projects\assignment2\assignment2\debug\assignment2.tlog\cl.read.1.tlog
c:\users\amana\onedrive\documents\visual studio 2015\projects\assignment2\assignment2\debug\assignment2.tlog\cl.write.1.tlog
c:\users\amana\onedrive\documents\visual studio 2015\projects\assignment2\assignment2\debug\assignment2.tlog\link.command.1.tlog
c:\users\amana\onedrive\documents\visual studio 2015\projects\assignment2\assignment2\debug\assignment2.tlog\link.read.1.tlog
c:\users\amana\onedrive\documents\visual studio 2015\projects\assignment2\assignment2\debug\assignment2.tlog\link.write.1.tlog
