c:\users\amana\onedrive\documents\visual studio 2015\projects\assignment4\assignment4\debug\assignment4.pch
c:\users\amana\onedrive\documents\visual studio 2015\projects\assignment4\assignment4\debug\vc140.pdb
c:\users\amana\onedrive\documents\visual studio 2015\projects\assignment4\assignment4\debug\vc140.idb
c:\users\amana\onedrive\documents\visual studio 2015\projects\assignment4\assignment4\debug\stdafx.obj
c:\users\amana\onedrive\documents\visual studio 2015\projects\assignment4\assignment4\debug\assignment4.obj
c:\users\amana\onedrive\documents\visual studio 2015\projects\assignment4\assignment4\debug\borrow.obj
c:\users\amana\onedrive\documents\visual studio 2015\projects\assignment4\assignment4\debug\bstree.obj
c:\users\amana\onedrive\documents\visual studio 2015\projects\assignment4\assignment4\debug\classic.obj
c:\users\amana\onedrive\documents\visual studio 2015\projects\assignment4\assignment4\debug\comedy.obj
c:\users\amana\onedrive\documents\visual studio 2015\projects\assignment4\assignment4\debug\customer.obj
c:\users\amana\onedrive\documents\visual studio 2015\projects\assignment4\assignment4\debug\drama.obj
c:\users\amana\onedrive\documents\visual studio 2015\projects\assignment4\assignment4\debug\hashedcustomer.obj
c:\users\amana\onedrive\documents\visual studio 2015\projects\assignment4\assignment4\debug\hashtable.obj
c:\users\amana\onedrive\documents\visual studio 2015\projects\assignment4\assignment4\debug\history.obj
c:\users\amana\onedrive\documents\visual studio 2015\projects\assignment4\assignment4\debug\movie.obj
c:\users\amana\onedrive\documents\visual studio 2015\projects\assignment4\assignment4\debug\moviefactory.obj
c:\users\amana\onedrive\documents\visual studio 2015\projects\assignment4\assignment4\debug\return.obj
c:\users\amana\onedrive\documents\visual studio 2015\projects\assignment4\assignment4\debug\store.obj
c:\users\amana\onedrive\documents\visual studio 2015\projects\assignment4\assignment4\debug\transaction.obj
c:\users\amana\onedrive\documents\visual studio 2015\projects\assignment4\assignment4\debug\transactionfactory.obj
c:\users\amana\onedrive\documents\visual studio 2015\projects\assignment4\debug\assignment4.pdb
c:\users\amana\onedrive\documents\visual studio 2015\projects\assignment4\debug\assignment4.exe
c:\users\amana\onedrive\documents\visual studio 2015\projects\assignment4\debug\assignment4.ilk
c:\users\amana\onedrive\documents\visual studio 2015\projects\assignment4\assignment4\debug\assignment4.tlog\cl.command.1.tlog
c:\users\amana\onedrive\documents\visual studio 2015\projects\assignment4\assignment4\debug\assignment4.tlog\cl.read.1.tlog
c:\users\amana\onedrive\documents\visual studio 2015\projects\assignment4\assignment4\debug\assignment4.tlog\cl.write.1.tlog
c:\users\amana\onedrive\documents\visual studio 2015\projects\assignment4\assignment4\debug\assignment4.tlog\link.command.1.tlog
c:\users\amana\onedrive\documents\visual studio 2015\projects\assignment4\assignment4\debug\assignment4.tlog\link.read.1.tlog
c:\users\amana\onedrive\documents\visual studio 2015\projects\assignment4\assignment4\debug\assignment4.tlog\link.write.1.tlog
